<?xml version="1.0" encoding="UTF-8"?>
<testsuite xmlns:xsi="http://www.w3.org/2001/XMLSchema-instance" xsi:noNamespaceSchemaLocation="https://maven.apache.org/surefire/maven-surefire-plugin/xsd/surefire-test-report.xsd" name="com.BiddingService.com.BiddingServiceApplicationTests" time="1.077" tests="1" errors="1" skipped="0" failures="0">
  <properties>
    <property name="java.specification.version" value="23"/>
    <property name="sun.jnu.encoding" value="UTF-8"/>
    <property name="java.class.path" value="/Users/smritia1/smriti_dev/BiddingService/target/test-classes:/Users/smritia1/smriti_dev/BiddingService/target/classes:/Users/smritia1/.m2/repository/org/springframework/boot/spring-boot-starter-data-elasticsearch/2.7.15/spring-boot-starter-data-elasticsearch-2.7.15.jar:/Users/smritia1/.m2/repository/org/springframework/boot/spring-boot-starter/2.7.15/spring-boot-starter-2.7.15.jar:/Users/smritia1/.m2/repository/org/springframework/boot/spring-boot/2.7.15/spring-boot-2.7.15.jar:/Users/smritia1/.m2/repository/org/springframework/boot/spring-boot-autoconfigure/2.7.15/spring-boot-autoconfigure-2.7.15.jar:/Users/smritia1/.m2/repository/org/springframework/boot/spring-boot-starter-logging/2.7.15/spring-boot-starter-logging-2.7.15.jar:/Users/smritia1/.m2/repository/ch/qos/logback/logback-classic/1.2.12/logback-classic-1.2.12.jar:/Users/smritia1/.m2/repository/ch/qos/logback/logback-core/1.2.12/logback-core-1.2.12.jar:/Users/smritia1/.m2/repository/org/apache/logging/log4j/log4j-to-slf4j/2.17.2/log4j-to-slf4j-2.17.2.jar:/Users/smritia1/.m2/repository/org/apache/logging/log4j/log4j-api/2.17.2/log4j-api-2.17.2.jar:/Users/smritia1/.m2/repository/org/slf4j/jul-to-slf4j/1.7.36/jul-to-slf4j-1.7.36.jar:/Users/smritia1/.m2/repository/jakarta/annotation/jakarta.annotation-api/1.3.5/jakarta.annotation-api-1.3.5.jar:/Users/smritia1/.m2/repository/org/yaml/snakeyaml/1.30/snakeyaml-1.30.jar:/Users/smritia1/.m2/repository/org/springframework/data/spring-data-elasticsearch/4.4.15/spring-data-elasticsearch-4.4.15.jar:/Users/smritia1/.m2/repository/org/springframework/spring-tx/5.3.29/spring-tx-5.3.29.jar:/Users/smritia1/.m2/repository/org/springframework/data/spring-data-commons/2.7.15/spring-data-commons-2.7.15.jar:/Users/smritia1/.m2/repository/org/elasticsearch/client/elasticsearch-rest-high-level-client/7.17.12/elasticsearch-rest-high-level-client-7.17.12.jar:/Users/smritia1/.m2/repository/org/elasticsearch/elasticsearch/7.17.12/elasticsearch-7.17.12.jar:/Users/smritia1/.m2/repository/org/elasticsearch/elasticsearch-core/7.17.12/elasticsearch-core-7.17.12.jar:/Users/smritia1/.m2/repository/org/elasticsearch/elasticsearch-secure-sm/7.17.12/elasticsearch-secure-sm-7.17.12.jar:/Users/smritia1/.m2/repository/org/elasticsearch/elasticsearch-x-content/7.17.12/elasticsearch-x-content-7.17.12.jar:/Users/smritia1/.m2/repository/com/fasterxml/jackson/dataformat/jackson-dataformat-smile/2.13.5/jackson-dataformat-smile-2.13.5.jar:/Users/smritia1/.m2/repository/com/fasterxml/jackson/dataformat/jackson-dataformat-yaml/2.13.5/jackson-dataformat-yaml-2.13.5.jar:/Users/smritia1/.m2/repository/com/fasterxml/jackson/dataformat/jackson-dataformat-cbor/2.13.5/jackson-dataformat-cbor-2.13.5.jar:/Users/smritia1/.m2/repository/org/elasticsearch/elasticsearch-geo/7.17.12/elasticsearch-geo-7.17.12.jar:/Users/smritia1/.m2/repository/org/elasticsearch/elasticsearch-lz4/7.17.12/elasticsearch-lz4-7.17.12.jar:/Users/smritia1/.m2/repository/org/lz4/lz4-java/1.8.0/lz4-java-1.8.0.jar:/Users/smritia1/.m2/repository/org/apache/lucene/lucene-core/8.11.1/lucene-core-8.11.1.jar:/Users/smritia1/.m2/repository/org/apache/lucene/lucene-analyzers-common/8.11.1/lucene-analyzers-common-8.11.1.jar:/Users/smritia1/.m2/repository/org/apache/lucene/lucene-backward-codecs/8.11.1/lucene-backward-codecs-8.11.1.jar:/Users/smritia1/.m2/repository/org/apache/lucene/lucene-grouping/8.11.1/lucene-grouping-8.11.1.jar:/Users/smritia1/.m2/repository/org/apache/lucene/lucene-highlighter/8.11.1/lucene-highlighter-8.11.1.jar:/Users/smritia1/.m2/repository/org/apache/lucene/lucene-join/8.11.1/lucene-join-8.11.1.jar:/Users/smritia1/.m2/repository/org/apache/lucene/lucene-memory/8.11.1/lucene-memory-8.11.1.jar:/Users/smritia1/.m2/repository/org/apache/lucene/lucene-misc/8.11.1/lucene-misc-8.11.1.jar:/Users/smritia1/.m2/repository/org/apache/lucene/lucene-queries/8.11.1/lucene-queries-8.11.1.jar:/Users/smritia1/.m2/repository/org/apache/lucene/lucene-queryparser/8.11.1/lucene-queryparser-8.11.1.jar:/Users/smritia1/.m2/repository/org/apache/lucene/lucene-sandbox/8.11.1/lucene-sandbox-8.11.1.jar:/Users/smritia1/.m2/repository/org/apache/lucene/lucene-spatial3d/8.11.1/lucene-spatial3d-8.11.1.jar:/Users/smritia1/.m2/repository/org/apache/lucene/lucene-suggest/8.11.1/lucene-suggest-8.11.1.jar:/Users/smritia1/.m2/repository/org/elasticsearch/elasticsearch-cli/7.17.12/elasticsearch-cli-7.17.12.jar:/Users/smritia1/.m2/repository/net/sf/jopt-simple/jopt-simple/5.0.2/jopt-simple-5.0.2.jar:/Users/smritia1/.m2/repository/com/carrotsearch/hppc/0.8.1/hppc-0.8.1.jar:/Users/smritia1/.m2/repository/joda-time/joda-time/2.10.10/joda-time-2.10.10.jar:/Users/smritia1/.m2/repository/com/tdunning/t-digest/3.2/t-digest-3.2.jar:/Users/smritia1/.m2/repository/org/hdrhistogram/HdrHistogram/2.1.9/HdrHistogram-2.1.9.jar:/Users/smritia1/.m2/repository/net/java/dev/jna/jna/5.10.0/jna-5.10.0.jar:/Users/smritia1/.m2/repository/org/elasticsearch/elasticsearch-plugin-classloader/7.17.12/elasticsearch-plugin-classloader-7.17.12.jar:/Users/smritia1/.m2/repository/org/elasticsearch/plugin/mapper-extras-client/7.17.12/mapper-extras-client-7.17.12.jar:/Users/smritia1/.m2/repository/org/elasticsearch/plugin/parent-join-client/7.17.12/parent-join-client-7.17.12.jar:/Users/smritia1/.m2/repository/org/elasticsearch/plugin/aggs-matrix-stats-client/7.17.12/aggs-matrix-stats-client-7.17.12.jar:/Users/smritia1/.m2/repository/org/elasticsearch/plugin/rank-eval-client/7.17.12/rank-eval-client-7.17.12.jar:/Users/smritia1/.m2/repository/org/elasticsearch/plugin/lang-mustache-client/7.17.12/lang-mustache-client-7.17.12.jar:/Users/smritia1/.m2/repository/com/github/spullara/mustache/java/compiler/0.9.6/compiler-0.9.6.jar:/Users/smritia1/.m2/repository/co/elastic/clients/elasticsearch-java/7.17.12/elasticsearch-java-7.17.12.jar:/Users/smritia1/.m2/repository/com/google/code/findbugs/jsr305/3.0.2/jsr305-3.0.2.jar:/Users/smritia1/.m2/repository/jakarta/json/jakarta.json-api/1.1.6/jakarta.json-api-1.1.6.jar:/Users/smritia1/.m2/repository/org/eclipse/parsson/parsson/1.0.0/parsson-1.0.0.jar:/Users/smritia1/.m2/repository/org/elasticsearch/client/elasticsearch-rest-client/7.17.12/elasticsearch-rest-client-7.17.12.jar:/Users/smritia1/.m2/repository/org/apache/httpcomponents/httpclient/4.5.14/httpclient-4.5.14.jar:/Users/smritia1/.m2/repository/org/apache/httpcomponents/httpcore/4.4.16/httpcore-4.4.16.jar:/Users/smritia1/.m2/repository/org/apache/httpcomponents/httpasyncclient/4.1.5/httpasyncclient-4.1.5.jar:/Users/smritia1/.m2/repository/org/apache/httpcomponents/httpcore-nio/4.4.16/httpcore-nio-4.4.16.jar:/Users/smritia1/.m2/repository/commons-codec/commons-codec/1.15/commons-codec-1.15.jar:/Users/smritia1/.m2/repository/com/fasterxml/jackson/core/jackson-core/2.13.5/jackson-core-2.13.5.jar:/Users/smritia1/.m2/repository/org/slf4j/slf4j-api/1.7.36/slf4j-api-1.7.36.jar:/Users/smritia1/.m2/repository/org/springframework/boot/spring-boot-starter-data-jpa/2.7.15/spring-boot-starter-data-jpa-2.7.15.jar:/Users/smritia1/.m2/repository/org/springframework/boot/spring-boot-starter-aop/2.7.15/spring-boot-starter-aop-2.7.15.jar:/Users/smritia1/.m2/repository/org/aspectj/aspectjweaver/1.9.7/aspectjweaver-1.9.7.jar:/Users/smritia1/.m2/repository/org/springframework/boot/spring-boot-starter-jdbc/2.7.15/spring-boot-starter-jdbc-2.7.15.jar:/Users/smritia1/.m2/repository/com/zaxxer/HikariCP/4.0.3/HikariCP-4.0.3.jar:/Users/smritia1/.m2/repository/org/springframework/spring-jdbc/5.3.29/spring-jdbc-5.3.29.jar:/Users/smritia1/.m2/repository/jakarta/transaction/jakarta.transaction-api/1.3.3/jakarta.transaction-api-1.3.3.jar:/Users/smritia1/.m2/repository/jakarta/persistence/jakarta.persistence-api/2.2.3/jakarta.persistence-api-2.2.3.jar:/Users/smritia1/.m2/repository/org/hibernate/hibernate-core/5.6.15.Final/hibernate-core-5.6.15.Final.jar:/Users/smritia1/.m2/repository/org/jboss/logging/jboss-logging/3.4.3.Final/jboss-logging-3.4.3.Final.jar:/Users/smritia1/.m2/repository/net/bytebuddy/byte-buddy/1.12.23/byte-buddy-1.12.23.jar:/Users/smritia1/.m2/repository/antlr/antlr/2.7.7/antlr-2.7.7.jar:/Users/smritia1/.m2/repository/org/jboss/jandex/2.4.2.Final/jandex-2.4.2.Final.jar:/Users/smritia1/.m2/repository/com/fasterxml/classmate/1.5.1/classmate-1.5.1.jar:/Users/smritia1/.m2/repository/org/hibernate/common/hibernate-commons-annotations/5.1.2.Final/hibernate-commons-annotations-5.1.2.Final.jar:/Users/smritia1/.m2/repository/org/glassfish/jaxb/jaxb-runtime/2.3.8/jaxb-runtime-2.3.8.jar:/Users/smritia1/.m2/repository/org/glassfish/jaxb/txw2/2.3.8/txw2-2.3.8.jar:/Users/smritia1/.m2/repository/com/sun/istack/istack-commons-runtime/3.0.12/istack-commons-runtime-3.0.12.jar:/Users/smritia1/.m2/repository/com/sun/activation/jakarta.activation/1.2.2/jakarta.activation-1.2.2.jar:/Users/smritia1/.m2/repository/org/springframework/data/spring-data-jpa/2.7.15/spring-data-jpa-2.7.15.jar:/Users/smritia1/.m2/repository/org/springframework/spring-orm/5.3.29/spring-orm-5.3.29.jar:/Users/smritia1/.m2/repository/org/springframework/spring-aspects/5.3.29/spring-aspects-5.3.29.jar:/Users/smritia1/.m2/repository/org/springframework/boot/spring-boot-starter-data-mongodb/2.7.15/spring-boot-starter-data-mongodb-2.7.15.jar:/Users/smritia1/.m2/repository/org/mongodb/mongodb-driver-sync/4.6.1/mongodb-driver-sync-4.6.1.jar:/Users/smritia1/.m2/repository/org/mongodb/bson/4.6.1/bson-4.6.1.jar:/Users/smritia1/.m2/repository/org/mongodb/mongodb-driver-core/4.6.1/mongodb-driver-core-4.6.1.jar:/Users/smritia1/.m2/repository/org/mongodb/bson-record-codec/4.6.1/bson-record-codec-4.6.1.jar:/Users/smritia1/.m2/repository/org/springframework/data/spring-data-mongodb/3.4.15/spring-data-mongodb-3.4.15.jar:/Users/smritia1/.m2/repository/org/springframework/spring-expression/5.3.29/spring-expression-5.3.29.jar:/Users/smritia1/.m2/repository/org/springframework/boot/spring-boot-starter-graphql/2.7.15/spring-boot-starter-graphql-2.7.15.jar:/Users/smritia1/.m2/repository/org/springframework/boot/spring-boot-starter-json/2.7.15/spring-boot-starter-json-2.7.15.jar:/Users/smritia1/.m2/repository/com/fasterxml/jackson/datatype/jackson-datatype-jdk8/2.13.5/jackson-datatype-jdk8-2.13.5.jar:/Users/smritia1/.m2/repository/com/fasterxml/jackson/datatype/jackson-datatype-jsr310/2.13.5/jackson-datatype-jsr310-2.13.5.jar:/Users/smritia1/.m2/repository/com/fasterxml/jackson/module/jackson-module-parameter-names/2.13.5/jackson-module-parameter-names-2.13.5.jar:/Users/smritia1/.m2/repository/org/springframework/graphql/spring-graphql/1.0.4/spring-graphql-1.0.4.jar:/Users/smritia1/.m2/repository/org/springframework/boot/spring-boot-starter-web/2.7.15/spring-boot-starter-web-2.7.15.jar:/Users/smritia1/.m2/repository/org/springframework/boot/spring-boot-starter-tomcat/2.7.15/spring-boot-starter-tomcat-2.7.15.jar:/Users/smritia1/.m2/repository/org/apache/tomcat/embed/tomcat-embed-core/9.0.79/tomcat-embed-core-9.0.79.jar:/Users/smritia1/.m2/repository/org/apache/tomcat/embed/tomcat-embed-el/9.0.79/tomcat-embed-el-9.0.79.jar:/Users/smritia1/.m2/repository/org/apache/tomcat/embed/tomcat-embed-websocket/9.0.79/tomcat-embed-websocket-9.0.79.jar:/Users/smritia1/.m2/repository/org/springframework/spring-web/5.3.29/spring-web-5.3.29.jar:/Users/smritia1/.m2/repository/org/springframework/spring-webmvc/5.3.29/spring-webmvc-5.3.29.jar:/Users/smritia1/.m2/repository/com/mysql/mysql-connector-j/8.0.33/mysql-connector-j-8.0.33.jar:/Users/smritia1/.m2/repository/org/springframework/boot/spring-boot-starter-test/2.7.15/spring-boot-starter-test-2.7.15.jar:/Users/smritia1/.m2/repository/org/springframework/boot/spring-boot-test/2.7.15/spring-boot-test-2.7.15.jar:/Users/smritia1/.m2/repository/org/springframework/boot/spring-boot-test-autoconfigure/2.7.15/spring-boot-test-autoconfigure-2.7.15.jar:/Users/smritia1/.m2/repository/com/jayway/jsonpath/json-path/2.7.0/json-path-2.7.0.jar:/Users/smritia1/.m2/repository/net/minidev/json-smart/2.4.11/json-smart-2.4.11.jar:/Users/smritia1/.m2/repository/net/minidev/accessors-smart/2.4.11/accessors-smart-2.4.11.jar:/Users/smritia1/.m2/repository/org/ow2/asm/asm/9.3/asm-9.3.jar:/Users/smritia1/.m2/repository/jakarta/xml/bind/jakarta.xml.bind-api/2.3.3/jakarta.xml.bind-api-2.3.3.jar:/Users/smritia1/.m2/repository/jakarta/activation/jakarta.activation-api/1.2.2/jakarta.activation-api-1.2.2.jar:/Users/smritia1/.m2/repository/org/assertj/assertj-core/3.22.0/assertj-core-3.22.0.jar:/Users/smritia1/.m2/repository/org/hamcrest/hamcrest/2.2/hamcrest-2.2.jar:/Users/smritia1/.m2/repository/org/junit/jupiter/junit-jupiter/5.8.2/junit-jupiter-5.8.2.jar:/Users/smritia1/.m2/repository/org/junit/jupiter/junit-jupiter-api/5.8.2/junit-jupiter-api-5.8.2.jar:/Users/smritia1/.m2/repository/org/opentest4j/opentest4j/1.2.0/opentest4j-1.2.0.jar:/Users/smritia1/.m2/repository/org/junit/platform/junit-platform-commons/1.8.2/junit-platform-commons-1.8.2.jar:/Users/smritia1/.m2/repository/org/apiguardian/apiguardian-api/1.1.2/apiguardian-api-1.1.2.jar:/Users/smritia1/.m2/repository/org/junit/jupiter/junit-jupiter-params/5.8.2/junit-jupiter-params-5.8.2.jar:/Users/smritia1/.m2/repository/org/junit/jupiter/junit-jupiter-engine/5.8.2/junit-jupiter-engine-5.8.2.jar:/Users/smritia1/.m2/repository/org/junit/platform/junit-platform-engine/1.8.2/junit-platform-engine-1.8.2.jar:/Users/smritia1/.m2/repository/org/mockito/mockito-core/4.5.1/mockito-core-4.5.1.jar:/Users/smritia1/.m2/repository/net/bytebuddy/byte-buddy-agent/1.12.23/byte-buddy-agent-1.12.23.jar:/Users/smritia1/.m2/repository/org/objenesis/objenesis/3.2/objenesis-3.2.jar:/Users/smritia1/.m2/repository/org/mockito/mockito-junit-jupiter/4.5.1/mockito-junit-jupiter-4.5.1.jar:/Users/smritia1/.m2/repository/org/skyscreamer/jsonassert/1.5.1/jsonassert-1.5.1.jar:/Users/smritia1/.m2/repository/com/vaadin/external/google/android-json/0.0.20131108.vaadin1/android-json-0.0.20131108.vaadin1.jar:/Users/smritia1/.m2/repository/org/springframework/spring-core/5.3.29/spring-core-5.3.29.jar:/Users/smritia1/.m2/repository/org/springframework/spring-jcl/5.3.29/spring-jcl-5.3.29.jar:/Users/smritia1/.m2/repository/org/springframework/spring-test/5.3.29/spring-test-5.3.29.jar:/Users/smritia1/.m2/repository/org/xmlunit/xmlunit-core/2.9.1/xmlunit-core-2.9.1.jar:/Users/smritia1/.m2/repository/org/springframework/spring-webflux/5.3.29/spring-webflux-5.3.29.jar:/Users/smritia1/.m2/repository/org/springframework/spring-beans/5.3.29/spring-beans-5.3.29.jar:/Users/smritia1/.m2/repository/io/projectreactor/reactor-core/3.4.32/reactor-core-3.4.32.jar:/Users/smritia1/.m2/repository/org/reactivestreams/reactive-streams/1.0.4/reactive-streams-1.0.4.jar:/Users/smritia1/.m2/repository/org/springframework/boot/spring-boot-starter-security/2.7.15/spring-boot-starter-security-2.7.15.jar:/Users/smritia1/.m2/repository/org/springframework/spring-aop/5.3.29/spring-aop-5.3.29.jar:/Users/smritia1/.m2/repository/org/springframework/security/spring-security-config/5.7.10/spring-security-config-5.7.10.jar:/Users/smritia1/.m2/repository/org/springframework/security/spring-security-core/5.7.10/spring-security-core-5.7.10.jar:/Users/smritia1/.m2/repository/org/springframework/security/spring-security-crypto/5.7.10/spring-security-crypto-5.7.10.jar:/Users/smritia1/.m2/repository/org/springframework/security/spring-security-web/5.7.10/spring-security-web-5.7.10.jar:/Users/smritia1/.m2/repository/org/springframework/graphql/spring-graphql-test/1.0.4/spring-graphql-test-1.0.4.jar:/Users/smritia1/.m2/repository/com/graphql-java/graphql-java/18.5/graphql-java-18.5.jar:/Users/smritia1/.m2/repository/com/graphql-java/java-dataloader/3.1.2/java-dataloader-3.1.2.jar:/Users/smritia1/.m2/repository/org/antlr/antlr4-runtime/4.9.3/antlr4-runtime-4.9.3.jar:/Users/smritia1/.m2/repository/org/springframework/spring-context/5.3.29/spring-context-5.3.29.jar:/Users/smritia1/.m2/repository/io/jsonwebtoken/jjwt-jackson/0.12.6/jjwt-jackson-0.12.6.jar:/Users/smritia1/.m2/repository/com/fasterxml/jackson/core/jackson-databind/2.13.5/jackson-databind-2.13.5.jar:/Users/smritia1/.m2/repository/com/fasterxml/jackson/core/jackson-annotations/2.13.5/jackson-annotations-2.13.5.jar:/Users/smritia1/.m2/repository/javax/validation/validation-api/1.1.0.Final/validation-api-1.1.0.Final.jar:/Users/smritia1/.m2/repository/io/jsonwebtoken/jjwt-impl/0.12.6/jjwt-impl-0.12.6.jar:/Users/smritia1/.m2/repository/io/jsonwebtoken/jjwt-api/0.12.6/jjwt-api-0.12.6.jar:"/>
    <property name="java.vm.vendor" value="Homebrew"/>
    <property name="sun.arch.data.model" value="64"/>
    <property name="java.vendor.url" value="https://github.com/Homebrew/homebrew-core/issues"/>
    <property name="os.name" value="Mac OS X"/>
    <property name="java.vm.specification.version" value="23"/>
    <property name="sun.java.launcher" value="SUN_STANDARD"/>
    <property name="user.country" value="IN"/>
    <property name="sun.boot.library.path" value="/opt/homebrew/Cellar/openjdk/23/libexec/openjdk.jdk/Contents/Home/lib"/>
    <property name="sun.java.command" value="/Users/smritia1/smriti_dev/BiddingService/target/surefire/surefirebooter8895517973103863008.jar /Users/smritia1/smriti_dev/BiddingService/target/surefire 2024-10-06T17-16-25_799-jvmRun1 surefire15458508660604575785tmp surefire_012465947322539420144tmp"/>
    <property name="jdk.debug" value="release"/>
    <property name="surefire.test.class.path" value="/Users/smritia1/smriti_dev/BiddingService/target/test-classes:/Users/smritia1/smriti_dev/BiddingService/target/classes:/Users/smritia1/.m2/repository/org/springframework/boot/spring-boot-starter-data-elasticsearch/2.7.15/spring-boot-starter-data-elasticsearch-2.7.15.jar:/Users/smritia1/.m2/repository/org/springframework/boot/spring-boot-starter/2.7.15/spring-boot-starter-2.7.15.jar:/Users/smritia1/.m2/repository/org/springframework/boot/spring-boot/2.7.15/spring-boot-2.7.15.jar:/Users/smritia1/.m2/repository/org/springframework/boot/spring-boot-autoconfigure/2.7.15/spring-boot-autoconfigure-2.7.15.jar:/Users/smritia1/.m2/repository/org/springframework/boot/spring-boot-starter-logging/2.7.15/spring-boot-starter-logging-2.7.15.jar:/Users/smritia1/.m2/repository/ch/qos/logback/logback-classic/1.2.12/logback-classic-1.2.12.jar:/Users/smritia1/.m2/repository/ch/qos/logback/logback-core/1.2.12/logback-core-1.2.12.jar:/Users/smritia1/.m2/repository/org/apache/logging/log4j/log4j-to-slf4j/2.17.2/log4j-to-slf4j-2.17.2.jar:/Users/smritia1/.m2/repository/org/apache/logging/log4j/log4j-api/2.17.2/log4j-api-2.17.2.jar:/Users/smritia1/.m2/repository/org/slf4j/jul-to-slf4j/1.7.36/jul-to-slf4j-1.7.36.jar:/Users/smritia1/.m2/repository/jakarta/annotation/jakarta.annotation-api/1.3.5/jakarta.annotation-api-1.3.5.jar:/Users/smritia1/.m2/repository/org/yaml/snakeyaml/1.30/snakeyaml-1.30.jar:/Users/smritia1/.m2/repository/org/springframework/data/spring-data-elasticsearch/4.4.15/spring-data-elasticsearch-4.4.15.jar:/Users/smritia1/.m2/repository/org/springframework/spring-tx/5.3.29/spring-tx-5.3.29.jar:/Users/smritia1/.m2/repository/org/springframework/data/spring-data-commons/2.7.15/spring-data-commons-2.7.15.jar:/Users/smritia1/.m2/repository/org/elasticsearch/client/elasticsearch-rest-high-level-client/7.17.12/elasticsearch-rest-high-level-client-7.17.12.jar:/Users/smritia1/.m2/repository/org/elasticsearch/elasticsearch/7.17.12/elasticsearch-7.17.12.jar:/Users/smritia1/.m2/repository/org/elasticsearch/elasticsearch-core/7.17.12/elasticsearch-core-7.17.12.jar:/Users/smritia1/.m2/repository/org/elasticsearch/elasticsearch-secure-sm/7.17.12/elasticsearch-secure-sm-7.17.12.jar:/Users/smritia1/.m2/repository/org/elasticsearch/elasticsearch-x-content/7.17.12/elasticsearch-x-content-7.17.12.jar:/Users/smritia1/.m2/repository/com/fasterxml/jackson/dataformat/jackson-dataformat-smile/2.13.5/jackson-dataformat-smile-2.13.5.jar:/Users/smritia1/.m2/repository/com/fasterxml/jackson/dataformat/jackson-dataformat-yaml/2.13.5/jackson-dataformat-yaml-2.13.5.jar:/Users/smritia1/.m2/repository/com/fasterxml/jackson/dataformat/jackson-dataformat-cbor/2.13.5/jackson-dataformat-cbor-2.13.5.jar:/Users/smritia1/.m2/repository/org/elasticsearch/elasticsearch-geo/7.17.12/elasticsearch-geo-7.17.12.jar:/Users/smritia1/.m2/repository/org/elasticsearch/elasticsearch-lz4/7.17.12/elasticsearch-lz4-7.17.12.jar:/Users/smritia1/.m2/repository/org/lz4/lz4-java/1.8.0/lz4-java-1.8.0.jar:/Users/smritia1/.m2/repository/org/apache/lucene/lucene-core/8.11.1/lucene-core-8.11.1.jar:/Users/smritia1/.m2/repository/org/apache/lucene/lucene-analyzers-common/8.11.1/lucene-analyzers-common-8.11.1.jar:/Users/smritia1/.m2/repository/org/apache/lucene/lucene-backward-codecs/8.11.1/lucene-backward-codecs-8.11.1.jar:/Users/smritia1/.m2/repository/org/apache/lucene/lucene-grouping/8.11.1/lucene-grouping-8.11.1.jar:/Users/smritia1/.m2/repository/org/apache/lucene/lucene-highlighter/8.11.1/lucene-highlighter-8.11.1.jar:/Users/smritia1/.m2/repository/org/apache/lucene/lucene-join/8.11.1/lucene-join-8.11.1.jar:/Users/smritia1/.m2/repository/org/apache/lucene/lucene-memory/8.11.1/lucene-memory-8.11.1.jar:/Users/smritia1/.m2/repository/org/apache/lucene/lucene-misc/8.11.1/lucene-misc-8.11.1.jar:/Users/smritia1/.m2/repository/org/apache/lucene/lucene-queries/8.11.1/lucene-queries-8.11.1.jar:/Users/smritia1/.m2/repository/org/apache/lucene/lucene-queryparser/8.11.1/lucene-queryparser-8.11.1.jar:/Users/smritia1/.m2/repository/org/apache/lucene/lucene-sandbox/8.11.1/lucene-sandbox-8.11.1.jar:/Users/smritia1/.m2/repository/org/apache/lucene/lucene-spatial3d/8.11.1/lucene-spatial3d-8.11.1.jar:/Users/smritia1/.m2/repository/org/apache/lucene/lucene-suggest/8.11.1/lucene-suggest-8.11.1.jar:/Users/smritia1/.m2/repository/org/elasticsearch/elasticsearch-cli/7.17.12/elasticsearch-cli-7.17.12.jar:/Users/smritia1/.m2/repository/net/sf/jopt-simple/jopt-simple/5.0.2/jopt-simple-5.0.2.jar:/Users/smritia1/.m2/repository/com/carrotsearch/hppc/0.8.1/hppc-0.8.1.jar:/Users/smritia1/.m2/repository/joda-time/joda-time/2.10.10/joda-time-2.10.10.jar:/Users/smritia1/.m2/repository/com/tdunning/t-digest/3.2/t-digest-3.2.jar:/Users/smritia1/.m2/repository/org/hdrhistogram/HdrHistogram/2.1.9/HdrHistogram-2.1.9.jar:/Users/smritia1/.m2/repository/net/java/dev/jna/jna/5.10.0/jna-5.10.0.jar:/Users/smritia1/.m2/repository/org/elasticsearch/elasticsearch-plugin-classloader/7.17.12/elasticsearch-plugin-classloader-7.17.12.jar:/Users/smritia1/.m2/repository/org/elasticsearch/plugin/mapper-extras-client/7.17.12/mapper-extras-client-7.17.12.jar:/Users/smritia1/.m2/repository/org/elasticsearch/plugin/parent-join-client/7.17.12/parent-join-client-7.17.12.jar:/Users/smritia1/.m2/repository/org/elasticsearch/plugin/aggs-matrix-stats-client/7.17.12/aggs-matrix-stats-client-7.17.12.jar:/Users/smritia1/.m2/repository/org/elasticsearch/plugin/rank-eval-client/7.17.12/rank-eval-client-7.17.12.jar:/Users/smritia1/.m2/repository/org/elasticsearch/plugin/lang-mustache-client/7.17.12/lang-mustache-client-7.17.12.jar:/Users/smritia1/.m2/repository/com/github/spullara/mustache/java/compiler/0.9.6/compiler-0.9.6.jar:/Users/smritia1/.m2/repository/co/elastic/clients/elasticsearch-java/7.17.12/elasticsearch-java-7.17.12.jar:/Users/smritia1/.m2/repository/com/google/code/findbugs/jsr305/3.0.2/jsr305-3.0.2.jar:/Users/smritia1/.m2/repository/jakarta/json/jakarta.json-api/1.1.6/jakarta.json-api-1.1.6.jar:/Users/smritia1/.m2/repository/org/eclipse/parsson/parsson/1.0.0/parsson-1.0.0.jar:/Users/smritia1/.m2/repository/org/elasticsearch/client/elasticsearch-rest-client/7.17.12/elasticsearch-rest-client-7.17.12.jar:/Users/smritia1/.m2/repository/org/apache/httpcomponents/httpclient/4.5.14/httpclient-4.5.14.jar:/Users/smritia1/.m2/repository/org/apache/httpcomponents/httpcore/4.4.16/httpcore-4.4.16.jar:/Users/smritia1/.m2/repository/org/apache/httpcomponents/httpasyncclient/4.1.5/httpasyncclient-4.1.5.jar:/Users/smritia1/.m2/repository/org/apache/httpcomponents/httpcore-nio/4.4.16/httpcore-nio-4.4.16.jar:/Users/smritia1/.m2/repository/commons-codec/commons-codec/1.15/commons-codec-1.15.jar:/Users/smritia1/.m2/repository/com/fasterxml/jackson/core/jackson-core/2.13.5/jackson-core-2.13.5.jar:/Users/smritia1/.m2/repository/org/slf4j/slf4j-api/1.7.36/slf4j-api-1.7.36.jar:/Users/smritia1/.m2/repository/org/springframework/boot/spring-boot-starter-data-jpa/2.7.15/spring-boot-starter-data-jpa-2.7.15.jar:/Users/smritia1/.m2/repository/org/springframework/boot/spring-boot-starter-aop/2.7.15/spring-boot-starter-aop-2.7.15.jar:/Users/smritia1/.m2/repository/org/aspectj/aspectjweaver/1.9.7/aspectjweaver-1.9.7.jar:/Users/smritia1/.m2/repository/org/springframework/boot/spring-boot-starter-jdbc/2.7.15/spring-boot-starter-jdbc-2.7.15.jar:/Users/smritia1/.m2/repository/com/zaxxer/HikariCP/4.0.3/HikariCP-4.0.3.jar:/Users/smritia1/.m2/repository/org/springframework/spring-jdbc/5.3.29/spring-jdbc-5.3.29.jar:/Users/smritia1/.m2/repository/jakarta/transaction/jakarta.transaction-api/1.3.3/jakarta.transaction-api-1.3.3.jar:/Users/smritia1/.m2/repository/jakarta/persistence/jakarta.persistence-api/2.2.3/jakarta.persistence-api-2.2.3.jar:/Users/smritia1/.m2/repository/org/hibernate/hibernate-core/5.6.15.Final/hibernate-core-5.6.15.Final.jar:/Users/smritia1/.m2/repository/org/jboss/logging/jboss-logging/3.4.3.Final/jboss-logging-3.4.3.Final.jar:/Users/smritia1/.m2/repository/net/bytebuddy/byte-buddy/1.12.23/byte-buddy-1.12.23.jar:/Users/smritia1/.m2/repository/antlr/antlr/2.7.7/antlr-2.7.7.jar:/Users/smritia1/.m2/repository/org/jboss/jandex/2.4.2.Final/jandex-2.4.2.Final.jar:/Users/smritia1/.m2/repository/com/fasterxml/classmate/1.5.1/classmate-1.5.1.jar:/Users/smritia1/.m2/repository/org/hibernate/common/hibernate-commons-annotations/5.1.2.Final/hibernate-commons-annotations-5.1.2.Final.jar:/Users/smritia1/.m2/repository/org/glassfish/jaxb/jaxb-runtime/2.3.8/jaxb-runtime-2.3.8.jar:/Users/smritia1/.m2/repository/org/glassfish/jaxb/txw2/2.3.8/txw2-2.3.8.jar:/Users/smritia1/.m2/repository/com/sun/istack/istack-commons-runtime/3.0.12/istack-commons-runtime-3.0.12.jar:/Users/smritia1/.m2/repository/com/sun/activation/jakarta.activation/1.2.2/jakarta.activation-1.2.2.jar:/Users/smritia1/.m2/repository/org/springframework/data/spring-data-jpa/2.7.15/spring-data-jpa-2.7.15.jar:/Users/smritia1/.m2/repository/org/springframework/spring-orm/5.3.29/spring-orm-5.3.29.jar:/Users/smritia1/.m2/repository/org/springframework/spring-aspects/5.3.29/spring-aspects-5.3.29.jar:/Users/smritia1/.m2/repository/org/springframework/boot/spring-boot-starter-data-mongodb/2.7.15/spring-boot-starter-data-mongodb-2.7.15.jar:/Users/smritia1/.m2/repository/org/mongodb/mongodb-driver-sync/4.6.1/mongodb-driver-sync-4.6.1.jar:/Users/smritia1/.m2/repository/org/mongodb/bson/4.6.1/bson-4.6.1.jar:/Users/smritia1/.m2/repository/org/mongodb/mongodb-driver-core/4.6.1/mongodb-driver-core-4.6.1.jar:/Users/smritia1/.m2/repository/org/mongodb/bson-record-codec/4.6.1/bson-record-codec-4.6.1.jar:/Users/smritia1/.m2/repository/org/springframework/data/spring-data-mongodb/3.4.15/spring-data-mongodb-3.4.15.jar:/Users/smritia1/.m2/repository/org/springframework/spring-expression/5.3.29/spring-expression-5.3.29.jar:/Users/smritia1/.m2/repository/org/springframework/boot/spring-boot-starter-graphql/2.7.15/spring-boot-starter-graphql-2.7.15.jar:/Users/smritia1/.m2/repository/org/springframework/boot/spring-boot-starter-json/2.7.15/spring-boot-starter-json-2.7.15.jar:/Users/smritia1/.m2/repository/com/fasterxml/jackson/datatype/jackson-datatype-jdk8/2.13.5/jackson-datatype-jdk8-2.13.5.jar:/Users/smritia1/.m2/repository/com/fasterxml/jackson/datatype/jackson-datatype-jsr310/2.13.5/jackson-datatype-jsr310-2.13.5.jar:/Users/smritia1/.m2/repository/com/fasterxml/jackson/module/jackson-module-parameter-names/2.13.5/jackson-module-parameter-names-2.13.5.jar:/Users/smritia1/.m2/repository/org/springframework/graphql/spring-graphql/1.0.4/spring-graphql-1.0.4.jar:/Users/smritia1/.m2/repository/org/springframework/boot/spring-boot-starter-web/2.7.15/spring-boot-starter-web-2.7.15.jar:/Users/smritia1/.m2/repository/org/springframework/boot/spring-boot-starter-tomcat/2.7.15/spring-boot-starter-tomcat-2.7.15.jar:/Users/smritia1/.m2/repository/org/apache/tomcat/embed/tomcat-embed-core/9.0.79/tomcat-embed-core-9.0.79.jar:/Users/smritia1/.m2/repository/org/apache/tomcat/embed/tomcat-embed-el/9.0.79/tomcat-embed-el-9.0.79.jar:/Users/smritia1/.m2/repository/org/apache/tomcat/embed/tomcat-embed-websocket/9.0.79/tomcat-embed-websocket-9.0.79.jar:/Users/smritia1/.m2/repository/org/springframework/spring-web/5.3.29/spring-web-5.3.29.jar:/Users/smritia1/.m2/repository/org/springframework/spring-webmvc/5.3.29/spring-webmvc-5.3.29.jar:/Users/smritia1/.m2/repository/com/mysql/mysql-connector-j/8.0.33/mysql-connector-j-8.0.33.jar:/Users/smritia1/.m2/repository/org/springframework/boot/spring-boot-starter-test/2.7.15/spring-boot-starter-test-2.7.15.jar:/Users/smritia1/.m2/repository/org/springframework/boot/spring-boot-test/2.7.15/spring-boot-test-2.7.15.jar:/Users/smritia1/.m2/repository/org/springframework/boot/spring-boot-test-autoconfigure/2.7.15/spring-boot-test-autoconfigure-2.7.15.jar:/Users/smritia1/.m2/repository/com/jayway/jsonpath/json-path/2.7.0/json-path-2.7.0.jar:/Users/smritia1/.m2/repository/net/minidev/json-smart/2.4.11/json-smart-2.4.11.jar:/Users/smritia1/.m2/repository/net/minidev/accessors-smart/2.4.11/accessors-smart-2.4.11.jar:/Users/smritia1/.m2/repository/org/ow2/asm/asm/9.3/asm-9.3.jar:/Users/smritia1/.m2/repository/jakarta/xml/bind/jakarta.xml.bind-api/2.3.3/jakarta.xml.bind-api-2.3.3.jar:/Users/smritia1/.m2/repository/jakarta/activation/jakarta.activation-api/1.2.2/jakarta.activation-api-1.2.2.jar:/Users/smritia1/.m2/repository/org/assertj/assertj-core/3.22.0/assertj-core-3.22.0.jar:/Users/smritia1/.m2/repository/org/hamcrest/hamcrest/2.2/hamcrest-2.2.jar:/Users/smritia1/.m2/repository/org/junit/jupiter/junit-jupiter/5.8.2/junit-jupiter-5.8.2.jar:/Users/smritia1/.m2/repository/org/junit/jupiter/junit-jupiter-api/5.8.2/junit-jupiter-api-5.8.2.jar:/Users/smritia1/.m2/repository/org/opentest4j/opentest4j/1.2.0/opentest4j-1.2.0.jar:/Users/smritia1/.m2/repository/org/junit/platform/junit-platform-commons/1.8.2/junit-platform-commons-1.8.2.jar:/Users/smritia1/.m2/repository/org/apiguardian/apiguardian-api/1.1.2/apiguardian-api-1.1.2.jar:/Users/smritia1/.m2/repository/org/junit/jupiter/junit-jupiter-params/5.8.2/junit-jupiter-params-5.8.2.jar:/Users/smritia1/.m2/repository/org/junit/jupiter/junit-jupiter-engine/5.8.2/junit-jupiter-engine-5.8.2.jar:/Users/smritia1/.m2/repository/org/junit/platform/junit-platform-engine/1.8.2/junit-platform-engine-1.8.2.jar:/Users/smritia1/.m2/repository/org/mockito/mockito-core/4.5.1/mockito-core-4.5.1.jar:/Users/smritia1/.m2/repository/net/bytebuddy/byte-buddy-agent/1.12.23/byte-buddy-agent-1.12.23.jar:/Users/smritia1/.m2/repository/org/objenesis/objenesis/3.2/objenesis-3.2.jar:/Users/smritia1/.m2/repository/org/mockito/mockito-junit-jupiter/4.5.1/mockito-junit-jupiter-4.5.1.jar:/Users/smritia1/.m2/repository/org/skyscreamer/jsonassert/1.5.1/jsonassert-1.5.1.jar:/Users/smritia1/.m2/repository/com/vaadin/external/google/android-json/0.0.20131108.vaadin1/android-json-0.0.20131108.vaadin1.jar:/Users/smritia1/.m2/repository/org/springframework/spring-core/5.3.29/spring-core-5.3.29.jar:/Users/smritia1/.m2/repository/org/springframework/spring-jcl/5.3.29/spring-jcl-5.3.29.jar:/Users/smritia1/.m2/repository/org/springframework/spring-test/5.3.29/spring-test-5.3.29.jar:/Users/smritia1/.m2/repository/org/xmlunit/xmlunit-core/2.9.1/xmlunit-core-2.9.1.jar:/Users/smritia1/.m2/repository/org/springframework/spring-webflux/5.3.29/spring-webflux-5.3.29.jar:/Users/smritia1/.m2/repository/org/springframework/spring-beans/5.3.29/spring-beans-5.3.29.jar:/Users/smritia1/.m2/repository/io/projectreactor/reactor-core/3.4.32/reactor-core-3.4.32.jar:/Users/smritia1/.m2/repository/org/reactivestreams/reactive-streams/1.0.4/reactive-streams-1.0.4.jar:/Users/smritia1/.m2/repository/org/springframework/boot/spring-boot-starter-security/2.7.15/spring-boot-starter-security-2.7.15.jar:/Users/smritia1/.m2/repository/org/springframework/spring-aop/5.3.29/spring-aop-5.3.29.jar:/Users/smritia1/.m2/repository/org/springframework/security/spring-security-config/5.7.10/spring-security-config-5.7.10.jar:/Users/smritia1/.m2/repository/org/springframework/security/spring-security-core/5.7.10/spring-security-core-5.7.10.jar:/Users/smritia1/.m2/repository/org/springframework/security/spring-security-crypto/5.7.10/spring-security-crypto-5.7.10.jar:/Users/smritia1/.m2/repository/org/springframework/security/spring-security-web/5.7.10/spring-security-web-5.7.10.jar:/Users/smritia1/.m2/repository/org/springframework/graphql/spring-graphql-test/1.0.4/spring-graphql-test-1.0.4.jar:/Users/smritia1/.m2/repository/com/graphql-java/graphql-java/18.5/graphql-java-18.5.jar:/Users/smritia1/.m2/repository/com/graphql-java/java-dataloader/3.1.2/java-dataloader-3.1.2.jar:/Users/smritia1/.m2/repository/org/antlr/antlr4-runtime/4.9.3/antlr4-runtime-4.9.3.jar:/Users/smritia1/.m2/repository/org/springframework/spring-context/5.3.29/spring-context-5.3.29.jar:/Users/smritia1/.m2/repository/io/jsonwebtoken/jjwt-jackson/0.12.6/jjwt-jackson-0.12.6.jar:/Users/smritia1/.m2/repository/com/fasterxml/jackson/core/jackson-databind/2.13.5/jackson-databind-2.13.5.jar:/Users/smritia1/.m2/repository/com/fasterxml/jackson/core/jackson-annotations/2.13.5/jackson-annotations-2.13.5.jar:/Users/smritia1/.m2/repository/javax/validation/validation-api/1.1.0.Final/validation-api-1.1.0.Final.jar:/Users/smritia1/.m2/repository/io/jsonwebtoken/jjwt-impl/0.12.6/jjwt-impl-0.12.6.jar:/Users/smritia1/.m2/repository/io/jsonwebtoken/jjwt-api/0.12.6/jjwt-api-0.12.6.jar:"/>
    <property name="sun.cpu.endian" value="little"/>
    <property name="user.home" value="/Users/smritia1"/>
    <property name="user.language" value="en"/>
    <property name="java.specification.vendor" value="Oracle Corporation"/>
    <property name="java.version.date" value="2024-09-17"/>
    <property name="java.home" value="/opt/homebrew/Cellar/openjdk/23/libexec/openjdk.jdk/Contents/Home"/>
    <property name="file.separator" value="/"/>
    <property name="basedir" value="/Users/smritia1/smriti_dev/BiddingService"/>
    <property name="java.vm.compressedOopsMode" value="Zero based"/>
    <property name="line.separator" value="&#10;"/>
    <property name="java.specification.name" value="Java Platform API Specification"/>
    <property name="java.vm.specification.vendor" value="Oracle Corporation"/>
    <property name="apple.awt.application.name" value="ForkedBooter"/>
    <property name="surefire.real.class.path" value="/Users/smritia1/smriti_dev/BiddingService/target/surefire/surefirebooter8895517973103863008.jar"/>
    <property name="sun.management.compiler" value="HotSpot 64-Bit Tiered Compilers"/>
    <property name="java.runtime.version" value="23"/>
    <property name="user.name" value="smritia1"/>
    <property name="stdout.encoding" value="UTF-8"/>
    <property name="path.separator" value=":"/>
    <property name="os.version" value="14.3"/>
    <property name="java.runtime.name" value="OpenJDK Runtime Environment"/>
    <property name="file.encoding" value="UTF-8"/>
    <property name="java.vm.name" value="OpenJDK 64-Bit Server VM"/>
    <property name="java.vendor.version" value="Homebrew"/>
    <property name="localRepository" value="/Users/smritia1/.m2/repository"/>
    <property name="java.vendor.url.bug" value="https://github.com/Homebrew/homebrew-core/issues"/>
    <property name="java.io.tmpdir" value="/var/folders/tj/0bpf848s5255ydc9f0tr4hs80000gq/T/"/>
    <property name="java.version" value="23"/>
    <property name="user.dir" value="/Users/smritia1/smriti_dev/BiddingService"/>
    <property name="os.arch" value="aarch64"/>
    <property name="java.vm.specification.name" value="Java Virtual Machine Specification"/>
    <property name="native.encoding" value="UTF-8"/>
    <property name="java.library.path" value="/Users/smritia1/Library/Java/Extensions:/Library/Java/Extensions:/Network/Library/Java/Extensions:/System/Library/Java/Extensions:/usr/lib/java:."/>
    <property name="java.vm.info" value="mixed mode, sharing"/>
    <property name="stderr.encoding" value="UTF-8"/>
    <property name="java.vendor" value="Homebrew"/>
    <property name="java.vm.version" value="23"/>
    <property name="sun.io.unicode.encoding" value="UnicodeBig"/>
    <property name="java.class.version" value="67.0"/>
  </properties>
  <testcase name="contextLoads" classname="com.BiddingService.com.BiddingServiceApplicationTests" time="0.001">
    <error message="Failed to load ApplicationContext" type="java.lang.IllegalStateException">java.lang.IllegalStateException: Failed to load ApplicationContext
Caused by: org.springframework.beans.factory.UnsatisfiedDependencyException: Error creating bean with name 'dataSourceScriptDatabaseInitializer' defined in class path resource [org/springframework/boot/autoconfigure/sql/init/DataSourceInitializationConfiguration.class]: Unsatisfied dependency expressed through method 'dataSourceScriptDatabaseInitializer' parameter 0; nested exception is org.springframework.beans.factory.BeanCreationException: Error creating bean with name 'dataSource' defined in class path resource [org/springframework/boot/autoconfigure/jdbc/DataSourceConfiguration$Hikari.class]: Bean instantiation via factory method failed; nested exception is org.springframework.beans.BeanInstantiationException: Failed to instantiate [com.zaxxer.hikari.HikariDataSource]: Factory method 'dataSource' threw exception; nested exception is org.springframework.boot.autoconfigure.jdbc.DataSourceProperties$DataSourceBeanCreationException: Failed to determine a suitable driver class
Caused by: org.springframework.beans.factory.BeanCreationException: Error creating bean with name 'dataSource' defined in class path resource [org/springframework/boot/autoconfigure/jdbc/DataSourceConfiguration$Hikari.class]: Bean instantiation via factory method failed; nested exception is org.springframework.beans.BeanInstantiationException: Failed to instantiate [com.zaxxer.hikari.HikariDataSource]: Factory method 'dataSource' threw exception; nested exception is org.springframework.boot.autoconfigure.jdbc.DataSourceProperties$DataSourceBeanCreationException: Failed to determine a suitable driver class
Caused by: org.springframework.beans.BeanInstantiationException: Failed to instantiate [com.zaxxer.hikari.HikariDataSource]: Factory method 'dataSource' threw exception; nested exception is org.springframework.boot.autoconfigure.jdbc.DataSourceProperties$DataSourceBeanCreationException: Failed to determine a suitable driver class
Caused by: org.springframework.boot.autoconfigure.jdbc.DataSourceProperties$DataSourceBeanCreationException: Failed to determine a suitable driver class
</error>
    <system-out><![CDATA[17:16:26.496 [main] DEBUG org.springframework.test.context.BootstrapUtils - Instantiating CacheAwareContextLoaderDelegate from class [org.springframework.test.context.cache.DefaultCacheAwareContextLoaderDelegate]
17:16:26.501 [main] DEBUG org.springframework.test.context.BootstrapUtils - Instantiating BootstrapContext using constructor [public org.springframework.test.context.support.DefaultBootstrapContext(java.lang.Class,org.springframework.test.context.CacheAwareContextLoaderDelegate)]
17:16:26.520 [main] DEBUG org.springframework.test.context.BootstrapUtils - Instantiating TestContextBootstrapper for test class [com.BiddingService.com.BiddingServiceApplicationTests] from class [org.springframework.boot.test.context.SpringBootTestContextBootstrapper]
17:16:26.528 [main] INFO org.springframework.boot.test.context.SpringBootTestContextBootstrapper - Neither @ContextConfiguration nor @ContextHierarchy found for test class [com.BiddingService.com.BiddingServiceApplicationTests], using SpringBootContextLoader
17:16:26.530 [main] DEBUG org.springframework.test.context.support.AbstractContextLoader - Did not detect default resource location for test class [com.BiddingService.com.BiddingServiceApplicationTests]: class path resource [com/BiddingService/com/BiddingServiceApplicationTests-context.xml] does not exist
17:16:26.530 [main] DEBUG org.springframework.test.context.support.AbstractContextLoader - Did not detect default resource location for test class [com.BiddingService.com.BiddingServiceApplicationTests]: class path resource [com/BiddingService/com/BiddingServiceApplicationTestsContext.groovy] does not exist
17:16:26.530 [main] INFO org.springframework.test.context.support.AbstractContextLoader - Could not detect default resource locations for test class [com.BiddingService.com.BiddingServiceApplicationTests]: no resource found for suffixes {-context.xml, Context.groovy}.
17:16:26.531 [main] INFO org.springframework.test.context.support.AnnotationConfigContextLoaderUtils - Could not detect default configuration classes for test class [com.BiddingService.com.BiddingServiceApplicationTests]: BiddingServiceApplicationTests does not declare any static, non-private, non-final, nested classes annotated with @Configuration.
17:16:26.550 [main] DEBUG org.springframework.test.context.support.ActiveProfilesUtils - Could not find an 'annotation declaring class' for annotation type [org.springframework.test.context.ActiveProfiles] and class [com.BiddingService.com.BiddingServiceApplicationTests]
17:16:26.583 [main] DEBUG org.springframework.context.annotation.ClassPathScanningCandidateComponentProvider - Identified candidate component class: file [/Users/smritia1/smriti_dev/BiddingService/target/classes/com/BiddingService/com/BiddingServiceApplication.class]
17:16:26.590 [main] INFO org.springframework.boot.test.context.SpringBootTestContextBootstrapper - Found @SpringBootConfiguration com.BiddingService.com.BiddingServiceApplication for test class com.BiddingService.com.BiddingServiceApplicationTests
17:16:26.643 [main] DEBUG org.springframework.boot.test.context.SpringBootTestContextBootstrapper - @TestExecutionListeners is not present for class [com.BiddingService.com.BiddingServiceApplicationTests]: using defaults.
17:16:26.643 [main] INFO org.springframework.boot.test.context.SpringBootTestContextBootstrapper - Loaded default TestExecutionListener class names from location [META-INF/spring.factories]: [org.springframework.boot.test.mock.mockito.MockitoTestExecutionListener, org.springframework.boot.test.mock.mockito.ResetMocksTestExecutionListener, org.springframework.boot.test.autoconfigure.restdocs.RestDocsTestExecutionListener, org.springframework.boot.test.autoconfigure.web.client.MockRestServiceServerResetTestExecutionListener, org.springframework.boot.test.autoconfigure.web.servlet.MockMvcPrintOnlyOnFailureTestExecutionListener, org.springframework.boot.test.autoconfigure.web.servlet.WebDriverTestExecutionListener, org.springframework.boot.test.autoconfigure.webservices.client.MockWebServiceServerTestExecutionListener, org.springframework.test.context.web.ServletTestExecutionListener, org.springframework.test.context.support.DirtiesContextBeforeModesTestExecutionListener, org.springframework.test.context.event.ApplicationEventsTestExecutionListener, org.springframework.test.context.support.DependencyInjectionTestExecutionListener, org.springframework.test.context.support.DirtiesContextTestExecutionListener, org.springframework.test.context.transaction.TransactionalTestExecutionListener, org.springframework.test.context.jdbc.SqlScriptsTestExecutionListener, org.springframework.test.context.event.EventPublishingTestExecutionListener]
17:16:26.651 [main] INFO org.springframework.boot.test.context.SpringBootTestContextBootstrapper - Using TestExecutionListeners: [org.springframework.test.context.web.ServletTestExecutionListener@47f9738, org.springframework.test.context.support.DirtiesContextBeforeModesTestExecutionListener@6155d082, org.springframework.test.context.event.ApplicationEventsTestExecutionListener@3a5ecce3, org.springframework.boot.test.mock.mockito.MockitoTestExecutionListener@561868a0, org.springframework.boot.test.autoconfigure.SpringBootDependencyInjectionTestExecutionListener@2ea6e30c, org.springframework.test.context.support.DirtiesContextTestExecutionListener@6138e79a, org.springframework.test.context.transaction.TransactionalTestExecutionListener@2dcd168a, org.springframework.test.context.jdbc.SqlScriptsTestExecutionListener@388526fb, org.springframework.test.context.event.EventPublishingTestExecutionListener@21a21c64, org.springframework.boot.test.mock.mockito.ResetMocksTestExecutionListener@7803bfd, org.springframework.boot.test.autoconfigure.restdocs.RestDocsTestExecutionListener@42bc14c1, org.springframework.boot.test.autoconfigure.web.client.MockRestServiceServerResetTestExecutionListener@531f4093, org.springframework.boot.test.autoconfigure.web.servlet.MockMvcPrintOnlyOnFailureTestExecutionListener@62ef27a8, org.springframework.boot.test.autoconfigure.web.servlet.WebDriverTestExecutionListener@6436a7db, org.springframework.boot.test.autoconfigure.webservices.client.MockWebServiceServerTestExecutionListener@460ebd80]
17:16:26.653 [main] DEBUG org.springframework.test.context.support.AbstractDirtiesContextTestExecutionListener - Before test class: context [DefaultTestContext@3568f9d2 testClass = BiddingServiceApplicationTests, testInstance = [null], testMethod = [null], testException = [null], mergedContextConfiguration = [WebMergedContextConfiguration@71c27ee8 testClass = BiddingServiceApplicationTests, locations = '{}', classes = '{class com.BiddingService.com.BiddingServiceApplication}', contextInitializerClasses = '[]', activeProfiles = '{}', propertySourceLocations = '{}', propertySourceProperties = '{org.springframework.boot.test.context.SpringBootTestContextBootstrapper=true}', contextCustomizers = set[org.springframework.boot.test.context.filter.ExcludeFilterContextCustomizer@2c35e847, org.springframework.boot.test.graphql.tester.HttpGraphQlTesterContextCustomizer@e15b7e8, org.springframework.boot.test.json.DuplicateJsonObjectContextCustomizerFactory$DuplicateJsonObjectContextCustomizer@c88a337, org.springframework.boot.test.mock.mockito.MockitoContextCustomizer@0, org.springframework.boot.test.web.client.TestRestTemplateContextCustomizer@31fa1761, org.springframework.boot.test.autoconfigure.actuate.metrics.MetricsExportContextCustomizerFactory$DisableMetricExportContextCustomizer@21282ed8, org.springframework.boot.test.autoconfigure.properties.PropertyMappingContextCustomizer@0, org.springframework.boot.test.autoconfigure.web.servlet.WebDriverContextCustomizerFactory$Customizer@59505b48, org.springframework.boot.test.context.SpringBootTestArgs@1, org.springframework.boot.test.context.SpringBootTestWebEnvironment@13eb8acf], resourceBasePath = 'src/main/webapp', contextLoader = 'org.springframework.boot.test.context.SpringBootContextLoader', parent = [null]], attributes = map['org.springframework.test.context.web.ServletTestExecutionListener.activateListener' -> true]], class annotated with @DirtiesContext [false] with mode [null].

  .   ____          _            __ _ _
 /\\ / ___'_ __ _ _(_)_ __  __ _ \ \ \ \
( ( )\___ | '_ | '_| | '_ \/ _` | \ \ \ \
 \\/  ___)| |_)| | | | | || (_| |  ) ) ) )
  '  |____| .__|_| |_|_| |_\__, | / / / /
 =========|_|==============|___/=/_/_/_/
&amp#27;[32m :: Spring Boot :: &amp#27;[39m             &amp#27;[2m (v2.7.15)&amp#27;[0;39m

&amp#27;[2m2024-10-06 17:16:26.791&amp#27;[0;39m &amp#27;[32m INFO&amp#27;[0;39m &amp#27;[35m88945&amp#27;[0;39m &amp#27;[2m---&amp#27;[0;39m &amp#27;[2m[           main]&amp#27;[0;39m &amp#27;[36mc.B.com.BiddingServiceApplicationTests  &amp#27;[0;39m &amp#27;[2m:&amp#27;[0;39m Starting BiddingServiceApplicationTests using Java 23 on DQY4637T7Y with PID 88945 (started by smritia1 in /Users/smritia1/smriti_dev/BiddingService)
&amp#27;[2m2024-10-06 17:16:26.791&amp#27;[0;39m &amp#27;[32m INFO&amp#27;[0;39m &amp#27;[35m88945&amp#27;[0;39m &amp#27;[2m---&amp#27;[0;39m &amp#27;[2m[           main]&amp#27;[0;39m &amp#27;[36mc.B.com.BiddingServiceApplicationTests  &amp#27;[0;39m &amp#27;[2m:&amp#27;[0;39m No active profile set, falling back to 1 default profile: "default"
&amp#27;[2m2024-10-06 17:16:27.161&amp#27;[0;39m &amp#27;[32m INFO&amp#27;[0;39m &amp#27;[35m88945&amp#27;[0;39m &amp#27;[2m---&amp#27;[0;39m &amp#27;[2m[           main]&amp#27;[0;39m &amp#27;[36m.s.d.r.c.RepositoryConfigurationDelegate&amp#27;[0;39m &amp#27;[2m:&amp#27;[0;39m Multiple Spring Data modules found, entering strict repository configuration mode
&amp#27;[2m2024-10-06 17:16:27.162&amp#27;[0;39m &amp#27;[32m INFO&amp#27;[0;39m &amp#27;[35m88945&amp#27;[0;39m &amp#27;[2m---&amp#27;[0;39m &amp#27;[2m[           main]&amp#27;[0;39m &amp#27;[36m.s.d.r.c.RepositoryConfigurationDelegate&amp#27;[0;39m &amp#27;[2m:&amp#27;[0;39m Bootstrapping Spring Data Elasticsearch repositories in DEFAULT mode.
&amp#27;[2m2024-10-06 17:16:27.177&amp#27;[0;39m &amp#27;[32m INFO&amp#27;[0;39m &amp#27;[35m88945&amp#27;[0;39m &amp#27;[2m---&amp#27;[0;39m &amp#27;[2m[           main]&amp#27;[0;39m &amp#27;[36m.RepositoryConfigurationExtensionSupport&amp#27;[0;39m &amp#27;[2m:&amp#27;[0;39m Spring Data Elasticsearch - Could not safely identify store assignment for repository candidate interface com.BiddingService.com.Repository.BiddingRepo; If you want this repository to be a Elasticsearch repository, consider annotating your entities with one of these annotations: org.springframework.data.elasticsearch.annotations.Document (preferred), or consider extending one of the following types with your repository: org.springframework.data.elasticsearch.repository.ElasticsearchRepository, org.springframework.data.elasticsearch.repository.ElasticsearchRepository
&amp#27;[2m2024-10-06 17:16:27.179&amp#27;[0;39m &amp#27;[32m INFO&amp#27;[0;39m &amp#27;[35m88945&amp#27;[0;39m &amp#27;[2m---&amp#27;[0;39m &amp#27;[2m[           main]&amp#27;[0;39m &amp#27;[36m.RepositoryConfigurationExtensionSupport&amp#27;[0;39m &amp#27;[2m:&amp#27;[0;39m Spring Data Elasticsearch - Could not safely identify store assignment for repository candidate interface com.BiddingService.com.Repository.ProductRepo; If you want this repository to be a Elasticsearch repository, consider annotating your entities with one of these annotations: org.springframework.data.elasticsearch.annotations.Document (preferred), or consider extending one of the following types with your repository: org.springframework.data.elasticsearch.repository.ElasticsearchRepository, org.springframework.data.elasticsearch.repository.ElasticsearchRepository
&amp#27;[2m2024-10-06 17:16:27.181&amp#27;[0;39m &amp#27;[32m INFO&amp#27;[0;39m &amp#27;[35m88945&amp#27;[0;39m &amp#27;[2m---&amp#27;[0;39m &amp#27;[2m[           main]&amp#27;[0;39m &amp#27;[36m.RepositoryConfigurationExtensionSupport&amp#27;[0;39m &amp#27;[2m:&amp#27;[0;39m Spring Data Elasticsearch - Could not safely identify store assignment for repository candidate interface com.BiddingService.com.Repository.UserRepo; If you want this repository to be a Elasticsearch repository, consider annotating your entities with one of these annotations: org.springframework.data.elasticsearch.annotations.Document (preferred), or consider extending one of the following types with your repository: org.springframework.data.elasticsearch.repository.ElasticsearchRepository, org.springframework.data.elasticsearch.repository.ElasticsearchRepository
&amp#27;[2m2024-10-06 17:16:27.182&amp#27;[0;39m &amp#27;[32m INFO&amp#27;[0;39m &amp#27;[35m88945&amp#27;[0;39m &amp#27;[2m---&amp#27;[0;39m &amp#27;[2m[           main]&amp#27;[0;39m &amp#27;[36m.s.d.r.c.RepositoryConfigurationDelegate&amp#27;[0;39m &amp#27;[2m:&amp#27;[0;39m Finished Spring Data repository scanning in 18 ms. Found 0 Elasticsearch repository interfaces.
&amp#27;[2m2024-10-06 17:16:27.185&amp#27;[0;39m &amp#27;[32m INFO&amp#27;[0;39m &amp#27;[35m88945&amp#27;[0;39m &amp#27;[2m---&amp#27;[0;39m &amp#27;[2m[           main]&amp#27;[0;39m &amp#27;[36m.s.d.r.c.RepositoryConfigurationDelegate&amp#27;[0;39m &amp#27;[2m:&amp#27;[0;39m Multiple Spring Data modules found, entering strict repository configuration mode
&amp#27;[2m2024-10-06 17:16:27.185&amp#27;[0;39m &amp#27;[32m INFO&amp#27;[0;39m &amp#27;[35m88945&amp#27;[0;39m &amp#27;[2m---&amp#27;[0;39m &amp#27;[2m[           main]&amp#27;[0;39m &amp#27;[36m.s.d.r.c.RepositoryConfigurationDelegate&amp#27;[0;39m &amp#27;[2m:&amp#27;[0;39m Bootstrapping Spring Data Reactive Elasticsearch repositories in DEFAULT mode.
&amp#27;[2m2024-10-06 17:16:27.188&amp#27;[0;39m &amp#27;[32m INFO&amp#27;[0;39m &amp#27;[35m88945&amp#27;[0;39m &amp#27;[2m---&amp#27;[0;39m &amp#27;[2m[           main]&amp#27;[0;39m &amp#27;[36m.RepositoryConfigurationExtensionSupport&amp#27;[0;39m &amp#27;[2m:&amp#27;[0;39m Spring Data Reactive Elasticsearch - Could not safely identify store assignment for repository candidate interface com.BiddingService.com.Repository.BiddingRepo; If you want this repository to be a Reactive Elasticsearch repository, consider annotating your entities with one of these annotations: org.springframework.data.elasticsearch.annotations.Document (preferred), or consider extending one of the following types with your repository: org.springframework.data.elasticsearch.repository.ReactiveElasticsearchRepository
&amp#27;[2m2024-10-06 17:16:27.188&amp#27;[0;39m &amp#27;[32m INFO&amp#27;[0;39m &amp#27;[35m88945&amp#27;[0;39m &amp#27;[2m---&amp#27;[0;39m &amp#27;[2m[           main]&amp#27;[0;39m &amp#27;[36m.RepositoryConfigurationExtensionSupport&amp#27;[0;39m &amp#27;[2m:&amp#27;[0;39m Spring Data Reactive Elasticsearch - Could not safely identify store assignment for repository candidate interface com.BiddingService.com.Repository.ProductRepo; If you want this repository to be a Reactive Elasticsearch repository, consider annotating your entities with one of these annotations: org.springframework.data.elasticsearch.annotations.Document (preferred), or consider extending one of the following types with your repository: org.springframework.data.elasticsearch.repository.ReactiveElasticsearchRepository
&amp#27;[2m2024-10-06 17:16:27.188&amp#27;[0;39m &amp#27;[32m INFO&amp#27;[0;39m &amp#27;[35m88945&amp#27;[0;39m &amp#27;[2m---&amp#27;[0;39m &amp#27;[2m[           main]&amp#27;[0;39m &amp#27;[36m.RepositoryConfigurationExtensionSupport&amp#27;[0;39m &amp#27;[2m:&amp#27;[0;39m Spring Data Reactive Elasticsearch - Could not safely identify store assignment for repository candidate interface com.BiddingService.com.Repository.UserRepo; If you want this repository to be a Reactive Elasticsearch repository, consider annotating your entities with one of these annotations: org.springframework.data.elasticsearch.annotations.Document (preferred), or consider extending one of the following types with your repository: org.springframework.data.elasticsearch.repository.ReactiveElasticsearchRepository
&amp#27;[2m2024-10-06 17:16:27.188&amp#27;[0;39m &amp#27;[32m INFO&amp#27;[0;39m &amp#27;[35m88945&amp#27;[0;39m &amp#27;[2m---&amp#27;[0;39m &amp#27;[2m[           main]&amp#27;[0;39m &amp#27;[36m.s.d.r.c.RepositoryConfigurationDelegate&amp#27;[0;39m &amp#27;[2m:&amp#27;[0;39m Finished Spring Data repository scanning in 3 ms. Found 0 Reactive Elasticsearch repository interfaces.
&amp#27;[2m2024-10-06 17:16:27.194&amp#27;[0;39m &amp#27;[32m INFO&amp#27;[0;39m &amp#27;[35m88945&amp#27;[0;39m &amp#27;[2m---&amp#27;[0;39m &amp#27;[2m[           main]&amp#27;[0;39m &amp#27;[36m.s.d.r.c.RepositoryConfigurationDelegate&amp#27;[0;39m &amp#27;[2m:&amp#27;[0;39m Multiple Spring Data modules found, entering strict repository configuration mode
&amp#27;[2m2024-10-06 17:16:27.195&amp#27;[0;39m &amp#27;[32m INFO&amp#27;[0;39m &amp#27;[35m88945&amp#27;[0;39m &amp#27;[2m---&amp#27;[0;39m &amp#27;[2m[           main]&amp#27;[0;39m &amp#27;[36m.s.d.r.c.RepositoryConfigurationDelegate&amp#27;[0;39m &amp#27;[2m:&amp#27;[0;39m Bootstrapping Spring Data JPA repositories in DEFAULT mode.
&amp#27;[2m2024-10-06 17:16:27.199&amp#27;[0;39m &amp#27;[32m INFO&amp#27;[0;39m &amp#27;[35m88945&amp#27;[0;39m &amp#27;[2m---&amp#27;[0;39m &amp#27;[2m[           main]&amp#27;[0;39m &amp#27;[36m.RepositoryConfigurationExtensionSupport&amp#27;[0;39m &amp#27;[2m:&amp#27;[0;39m Spring Data JPA - Could not safely identify store assignment for repository candidate interface com.BiddingService.com.Repository.BiddingRepo; If you want this repository to be a JPA repository, consider annotating your entities with one of these annotations: javax.persistence.Entity, javax.persistence.MappedSuperclass (preferred), or consider extending one of the following types with your repository: org.springframework.data.jpa.repository.JpaRepository
&amp#27;[2m2024-10-06 17:16:27.200&amp#27;[0;39m &amp#27;[32m INFO&amp#27;[0;39m &amp#27;[35m88945&amp#27;[0;39m &amp#27;[2m---&amp#27;[0;39m &amp#27;[2m[           main]&amp#27;[0;39m &amp#27;[36m.RepositoryConfigurationExtensionSupport&amp#27;[0;39m &amp#27;[2m:&amp#27;[0;39m Spring Data JPA - Could not safely identify store assignment for repository candidate interface com.BiddingService.com.Repository.ProductRepo; If you want this repository to be a JPA repository, consider annotating your entities with one of these annotations: javax.persistence.Entity, javax.persistence.MappedSuperclass (preferred), or consider extending one of the following types with your repository: org.springframework.data.jpa.repository.JpaRepository
&amp#27;[2m2024-10-06 17:16:27.200&amp#27;[0;39m &amp#27;[32m INFO&amp#27;[0;39m &amp#27;[35m88945&amp#27;[0;39m &amp#27;[2m---&amp#27;[0;39m &amp#27;[2m[           main]&amp#27;[0;39m &amp#27;[36m.RepositoryConfigurationExtensionSupport&amp#27;[0;39m &amp#27;[2m:&amp#27;[0;39m Spring Data JPA - Could not safely identify store assignment for repository candidate interface com.BiddingService.com.Repository.UserRepo; If you want this repository to be a JPA repository, consider annotating your entities with one of these annotations: javax.persistence.Entity, javax.persistence.MappedSuperclass (preferred), or consider extending one of the following types with your repository: org.springframework.data.jpa.repository.JpaRepository
&amp#27;[2m2024-10-06 17:16:27.200&amp#27;[0;39m &amp#27;[32m INFO&amp#27;[0;39m &amp#27;[35m88945&amp#27;[0;39m &amp#27;[2m---&amp#27;[0;39m &amp#27;[2m[           main]&amp#27;[0;39m &amp#27;[36m.s.d.r.c.RepositoryConfigurationDelegate&amp#27;[0;39m &amp#27;[2m:&amp#27;[0;39m Finished Spring Data repository scanning in 3 ms. Found 0 JPA repository interfaces.
&amp#27;[2m2024-10-06 17:16:27.213&amp#27;[0;39m &amp#27;[32m INFO&amp#27;[0;39m &amp#27;[35m88945&amp#27;[0;39m &amp#27;[2m---&amp#27;[0;39m &amp#27;[2m[           main]&amp#27;[0;39m &amp#27;[36m.s.d.r.c.RepositoryConfigurationDelegate&amp#27;[0;39m &amp#27;[2m:&amp#27;[0;39m Multiple Spring Data modules found, entering strict repository configuration mode
&amp#27;[2m2024-10-06 17:16:27.214&amp#27;[0;39m &amp#27;[32m INFO&amp#27;[0;39m &amp#27;[35m88945&amp#27;[0;39m &amp#27;[2m---&amp#27;[0;39m &amp#27;[2m[           main]&amp#27;[0;39m &amp#27;[36m.s.d.r.c.RepositoryConfigurationDelegate&amp#27;[0;39m &amp#27;[2m:&amp#27;[0;39m Bootstrapping Spring Data MongoDB repositories in DEFAULT mode.
&amp#27;[2m2024-10-06 17:16:27.275&amp#27;[0;39m &amp#27;[32m INFO&amp#27;[0;39m &amp#27;[35m88945&amp#27;[0;39m &amp#27;[2m---&amp#27;[0;39m &amp#27;[2m[           main]&amp#27;[0;39m &amp#27;[36m.s.d.r.c.RepositoryConfigurationDelegate&amp#27;[0;39m &amp#27;[2m:&amp#27;[0;39m Finished Spring Data repository scanning in 61 ms. Found 3 MongoDB repository interfaces.
&amp#27;[2m2024-10-06 17:16:27.499&amp#27;[0;39m &amp#27;[33m WARN&amp#27;[0;39m &amp#27;[35m88945&amp#27;[0;39m &amp#27;[2m---&amp#27;[0;39m &amp#27;[2m[           main]&amp#27;[0;39m &amp#27;[36mo.s.w.c.s.GenericWebApplicationContext  &amp#27;[0;39m &amp#27;[2m:&amp#27;[0;39m Exception encountered during context initialization - cancelling refresh attempt: org.springframework.beans.factory.UnsatisfiedDependencyException: Error creating bean with name 'dataSourceScriptDatabaseInitializer' defined in class path resource [org/springframework/boot/autoconfigure/sql/init/DataSourceInitializationConfiguration.class]: Unsatisfied dependency expressed through method 'dataSourceScriptDatabaseInitializer' parameter 0; nested exception is org.springframework.beans.factory.BeanCreationException: Error creating bean with name 'dataSource' defined in class path resource [org/springframework/boot/autoconfigure/jdbc/DataSourceConfiguration$Hikari.class]: Bean instantiation via factory method failed; nested exception is org.springframework.beans.BeanInstantiationException: Failed to instantiate [com.zaxxer.hikari.HikariDataSource]: Factory method 'dataSource' threw exception; nested exception is org.springframework.boot.autoconfigure.jdbc.DataSourceProperties$DataSourceBeanCreationException: Failed to determine a suitable driver class
&amp#27;[2m2024-10-06 17:16:27.504&amp#27;[0;39m &amp#27;[32m INFO&amp#27;[0;39m &amp#27;[35m88945&amp#27;[0;39m &amp#27;[2m---&amp#27;[0;39m &amp#27;[2m[           main]&amp#27;[0;39m &amp#27;[36mConditionEvaluationReportLoggingListener&amp#27;[0;39m &amp#27;[2m:&amp#27;[0;39m 

Error starting ApplicationContext. To display the conditions report re-run your application with 'debug' enabled.
&amp#27;[2m2024-10-06 17:16:27.511&amp#27;[0;39m &amp#27;[31mERROR&amp#27;[0;39m &amp#27;[35m88945&amp#27;[0;39m &amp#27;[2m---&amp#27;[0;39m &amp#27;[2m[           main]&amp#27;[0;39m &amp#27;[36mo.s.b.d.LoggingFailureAnalysisReporter  &amp#27;[0;39m &amp#27;[2m:&amp#27;[0;39m 

***************************
APPLICATION FAILED TO START
***************************

Description:

Failed to configure a DataSource: 'url' attribute is not specified and no embedded datasource could be configured.

Reason: Failed to determine a suitable driver class


Action:

Consider the following:
	If you want an embedded database (H2, HSQL or Derby), please put it on the classpath.
	If you have database settings to be loaded from a particular profile you may need to activate it (no profiles are currently active).

&amp#27;[2m2024-10-06 17:16:27.513&amp#27;[0;39m &amp#27;[31mERROR&amp#27;[0;39m &amp#27;[35m88945&amp#27;[0;39m &amp#27;[2m---&amp#27;[0;39m &amp#27;[2m[           main]&amp#27;[0;39m &amp#27;[36mo.s.test.context.TestContextManager     &amp#27;[0;39m &amp#27;[2m:&amp#27;[0;39m Caught exception while allowing TestExecutionListener [org.springframework.test.context.web.ServletTestExecutionListener@47f9738] to prepare test instance [com.BiddingService.com.BiddingServiceApplicationTests@6a1d526c]

java.lang.IllegalStateException: Failed to load ApplicationContext
	at org.springframework.test.context.cache.DefaultCacheAwareContextLoaderDelegate.loadContext(DefaultCacheAwareContextLoaderDelegate.java:98) ~[spring-test-5.3.29.jar:5.3.29]
	at org.springframework.test.context.support.DefaultTestContext.getApplicationContext(DefaultTestContext.java:124) ~[spring-test-5.3.29.jar:5.3.29]
	at org.springframework.test.context.web.ServletTestExecutionListener.setUpRequestContextIfNecessary(ServletTestExecutionListener.java:190) ~[spring-test-5.3.29.jar:5.3.29]
	at org.springframework.test.context.web.ServletTestExecutionListener.prepareTestInstance(ServletTestExecutionListener.java:132) ~[spring-test-5.3.29.jar:5.3.29]
	at org.springframework.test.context.TestContextManager.prepareTestInstance(TestContextManager.java:248) ~[spring-test-5.3.29.jar:5.3.29]
	at org.springframework.test.context.junit.jupiter.SpringExtension.postProcessTestInstance(SpringExtension.java:138) ~[spring-test-5.3.29.jar:5.3.29]
	at org.junit.jupiter.engine.descriptor.ClassBasedTestDescriptor.lambda$invokeTestInstancePostProcessors$8(ClassBasedTestDescriptor.java:363) ~[junit-jupiter-engine-5.8.2.jar:5.8.2]
	at org.junit.jupiter.engine.descriptor.ClassBasedTestDescriptor.executeAndMaskThrowable(ClassBasedTestDescriptor.java:368) ~[junit-jupiter-engine-5.8.2.jar:5.8.2]
	at org.junit.jupiter.engine.descriptor.ClassBasedTestDescriptor.lambda$invokeTestInstancePostProcessors$9(ClassBasedTestDescriptor.java:363) ~[junit-jupiter-engine-5.8.2.jar:5.8.2]
	at java.base/java.util.stream.ReferencePipeline$3$1.accept(ReferencePipeline.java:215) ~[na:na]
	at java.base/java.util.stream.ReferencePipeline$2$1.accept(ReferencePipeline.java:197) ~[na:na]
	at java.base/java.util.ArrayList$ArrayListSpliterator.forEachRemaining(ArrayList.java:1709) ~[na:na]
	at java.base/java.util.stream.AbstractPipeline.copyInto(AbstractPipeline.java:570) ~[na:na]
	at java.base/java.util.stream.AbstractPipeline.wrapAndCopyInto(AbstractPipeline.java:560) ~[na:na]
	at java.base/java.util.stream.StreamSpliterators$WrappingSpliterator.forEachRemaining(StreamSpliterators.java:315) ~[na:na]
	at java.base/java.util.stream.Streams$ConcatSpliterator.forEachRemaining(Streams.java:735) ~[na:na]
	at java.base/java.util.stream.Streams$ConcatSpliterator.forEachRemaining(Streams.java:734) ~[na:na]
	at java.base/java.util.stream.ReferencePipeline$Head.forEach(ReferencePipeline.java:807) ~[na:na]
	at org.junit.jupiter.engine.descriptor.ClassBasedTestDescriptor.invokeTestInstancePostProcessors(ClassBasedTestDescriptor.java:362) ~[junit-jupiter-engine-5.8.2.jar:5.8.2]
	at org.junit.jupiter.engine.descriptor.ClassBasedTestDescriptor.lambda$instantiateAndPostProcessTestInstance$6(ClassBasedTestDescriptor.java:283) ~[junit-jupiter-engine-5.8.2.jar:5.8.2]
	at org.junit.platform.engine.support.hierarchical.ThrowableCollector.execute(ThrowableCollector.java:73) ~[junit-platform-engine-1.8.2.jar:1.8.2]
	at org.junit.jupiter.engine.descriptor.ClassBasedTestDescriptor.instantiateAndPostProcessTestInstance(ClassBasedTestDescriptor.java:282) ~[junit-jupiter-engine-5.8.2.jar:5.8.2]
	at org.junit.jupiter.engine.descriptor.ClassBasedTestDescriptor.lambda$testInstancesProvider$4(ClassBasedTestDescriptor.java:272) ~[junit-jupiter-engine-5.8.2.jar:5.8.2]
	at java.base/java.util.Optional.orElseGet(Optional.java:364) ~[na:na]
	at org.junit.jupiter.engine.descriptor.ClassBasedTestDescriptor.lambda$testInstancesProvider$5(ClassBasedTestDescriptor.java:271) ~[junit-jupiter-engine-5.8.2.jar:5.8.2]
	at org.junit.jupiter.engine.execution.TestInstancesProvider.getTestInstances(TestInstancesProvider.java:31) ~[junit-jupiter-engine-5.8.2.jar:5.8.2]
	at org.junit.jupiter.engine.descriptor.TestMethodTestDescriptor.lambda$prepare$0(TestMethodTestDescriptor.java:102) ~[junit-jupiter-engine-5.8.2.jar:5.8.2]
	at org.junit.platform.engine.support.hierarchical.ThrowableCollector.execute(ThrowableCollector.java:73) ~[junit-platform-engine-1.8.2.jar:1.8.2]
	at org.junit.jupiter.engine.descriptor.TestMethodTestDescriptor.prepare(TestMethodTestDescriptor.java:101) ~[junit-jupiter-engine-5.8.2.jar:5.8.2]
	at org.junit.jupiter.engine.descriptor.TestMethodTestDescriptor.prepare(TestMethodTestDescriptor.java:66) ~[junit-jupiter-engine-5.8.2.jar:5.8.2]
	at org.junit.platform.engine.support.hierarchical.NodeTestTask.lambda$prepare$2(NodeTestTask.java:123) ~[junit-platform-engine-1.8.2.jar:1.8.2]
	at org.junit.platform.engine.support.hierarchical.ThrowableCollector.execute(ThrowableCollector.java:73) ~[junit-platform-engine-1.8.2.jar:1.8.2]
	at org.junit.platform.engine.support.hierarchical.NodeTestTask.prepare(NodeTestTask.java:123) ~[junit-platform-engine-1.8.2.jar:1.8.2]
	at org.junit.platform.engine.support.hierarchical.NodeTestTask.execute(NodeTestTask.java:90) ~[junit-platform-engine-1.8.2.jar:1.8.2]
	at java.base/java.util.ArrayList.forEach(ArrayList.java:1597) ~[na:na]
	at org.junit.platform.engine.support.hierarchical.SameThreadHierarchicalTestExecutorService.invokeAll(SameThreadHierarchicalTestExecutorService.java:41) ~[junit-platform-engine-1.8.2.jar:1.8.2]
	at org.junit.platform.engine.support.hierarchical.NodeTestTask.lambda$executeRecursively$6(NodeTestTask.java:155) ~[junit-platform-engine-1.8.2.jar:1.8.2]
	at org.junit.platform.engine.support.hierarchical.ThrowableCollector.execute(ThrowableCollector.java:73) ~[junit-platform-engine-1.8.2.jar:1.8.2]
	at org.junit.platform.engine.support.hierarchical.NodeTestTask.lambda$executeRecursively$8(NodeTestTask.java:141) ~[junit-platform-engine-1.8.2.jar:1.8.2]
	at org.junit.platform.engine.support.hierarchical.Node.around(Node.java:137) ~[junit-platform-engine-1.8.2.jar:1.8.2]
	at org.junit.platform.engine.support.hierarchical.NodeTestTask.lambda$executeRecursively$9(NodeTestTask.java:139) ~[junit-platform-engine-1.8.2.jar:1.8.2]
	at org.junit.platform.engine.support.hierarchical.ThrowableCollector.execute(ThrowableCollector.java:73) ~[junit-platform-engine-1.8.2.jar:1.8.2]
	at org.junit.platform.engine.support.hierarchical.NodeTestTask.executeRecursively(NodeTestTask.java:138) ~[junit-platform-engine-1.8.2.jar:1.8.2]
	at org.junit.platform.engine.support.hierarchical.NodeTestTask.execute(NodeTestTask.java:95) ~[junit-platform-engine-1.8.2.jar:1.8.2]
	at java.base/java.util.ArrayList.forEach(ArrayList.java:1597) ~[na:na]
	at org.junit.platform.engine.support.hierarchical.SameThreadHierarchicalTestExecutorService.invokeAll(SameThreadHierarchicalTestExecutorService.java:41) ~[junit-platform-engine-1.8.2.jar:1.8.2]
	at org.junit.platform.engine.support.hierarchical.NodeTestTask.lambda$executeRecursively$6(NodeTestTask.java:155) ~[junit-platform-engine-1.8.2.jar:1.8.2]
	at org.junit.platform.engine.support.hierarchical.ThrowableCollector.execute(ThrowableCollector.java:73) ~[junit-platform-engine-1.8.2.jar:1.8.2]
	at org.junit.platform.engine.support.hierarchical.NodeTestTask.lambda$executeRecursively$8(NodeTestTask.java:141) ~[junit-platform-engine-1.8.2.jar:1.8.2]
	at org.junit.platform.engine.support.hierarchical.Node.around(Node.java:137) ~[junit-platform-engine-1.8.2.jar:1.8.2]
	at org.junit.platform.engine.support.hierarchical.NodeTestTask.lambda$executeRecursively$9(NodeTestTask.java:139) ~[junit-platform-engine-1.8.2.jar:1.8.2]
	at org.junit.platform.engine.support.hierarchical.ThrowableCollector.execute(ThrowableCollector.java:73) ~[junit-platform-engine-1.8.2.jar:1.8.2]
	at org.junit.platform.engine.support.hierarchical.NodeTestTask.executeRecursively(NodeTestTask.java:138) ~[junit-platform-engine-1.8.2.jar:1.8.2]
	at org.junit.platform.engine.support.hierarchical.NodeTestTask.execute(NodeTestTask.java:95) ~[junit-platform-engine-1.8.2.jar:1.8.2]
	at org.junit.platform.engine.support.hierarchical.SameThreadHierarchicalTestExecutorService.submit(SameThreadHierarchicalTestExecutorService.java:35) ~[junit-platform-engine-1.8.2.jar:1.8.2]
	at org.junit.platform.engine.support.hierarchical.HierarchicalTestExecutor.execute(HierarchicalTestExecutor.java:57) ~[junit-platform-engine-1.8.2.jar:1.8.2]
	at org.junit.platform.engine.support.hierarchical.HierarchicalTestEngine.execute(HierarchicalTestEngine.java:54) ~[junit-platform-engine-1.8.2.jar:1.8.2]
	at org.junit.platform.launcher.core.DefaultLauncher.execute(DefaultLauncher.java:220) ~[junit-platform-launcher-1.3.1.jar:1.3.1]
	at org.junit.platform.launcher.core.DefaultLauncher.lambda$execute$6(DefaultLauncher.java:188) ~[junit-platform-launcher-1.3.1.jar:1.3.1]
	at org.junit.platform.launcher.core.DefaultLauncher.withInterceptedStreams(DefaultLauncher.java:202) ~[junit-platform-launcher-1.3.1.jar:1.3.1]
	at org.junit.platform.launcher.core.DefaultLauncher.execute(DefaultLauncher.java:181) ~[junit-platform-launcher-1.3.1.jar:1.3.1]
	at org.junit.platform.launcher.core.DefaultLauncher.execute(DefaultLauncher.java:128) ~[junit-platform-launcher-1.3.1.jar:1.3.1]
	at org.apache.maven.surefire.junitplatform.JUnitPlatformProvider.invokeAllTests(JUnitPlatformProvider.java:150) ~[surefire-junit-platform-2.22.2.jar:2.22.2]
	at org.apache.maven.surefire.junitplatform.JUnitPlatformProvider.invoke(JUnitPlatformProvider.java:124) ~[surefire-junit-platform-2.22.2.jar:2.22.2]
	at org.apache.maven.surefire.booter.ForkedBooter.invokeProviderInSameClassLoader(ForkedBooter.java:384) ~[surefire-booter-2.22.2.jar:2.22.2]
	at org.apache.maven.surefire.booter.ForkedBooter.runSuitesInProcess(ForkedBooter.java:345) ~[surefire-booter-2.22.2.jar:2.22.2]
	at org.apache.maven.surefire.booter.ForkedBooter.execute(ForkedBooter.java:126) ~[surefire-booter-2.22.2.jar:2.22.2]
	at org.apache.maven.surefire.booter.ForkedBooter.main(ForkedBooter.java:418) ~[surefire-booter-2.22.2.jar:2.22.2]
Caused by: org.springframework.beans.factory.UnsatisfiedDependencyException: Error creating bean with name 'dataSourceScriptDatabaseInitializer' defined in class path resource [org/springframework/boot/autoconfigure/sql/init/DataSourceInitializationConfiguration.class]: Unsatisfied dependency expressed through method 'dataSourceScriptDatabaseInitializer' parameter 0; nested exception is org.springframework.beans.factory.BeanCreationException: Error creating bean with name 'dataSource' defined in class path resource [org/springframework/boot/autoconfigure/jdbc/DataSourceConfiguration$Hikari.class]: Bean instantiation via factory method failed; nested exception is org.springframework.beans.BeanInstantiationException: Failed to instantiate [com.zaxxer.hikari.HikariDataSource]: Factory method 'dataSource' threw exception; nested exception is org.springframework.boot.autoconfigure.jdbc.DataSourceProperties$DataSourceBeanCreationException: Failed to determine a suitable driver class
	at org.springframework.beans.factory.support.ConstructorResolver.createArgumentArray(ConstructorResolver.java:800) ~[spring-beans-5.3.29.jar:5.3.29]
	at org.springframework.beans.factory.support.ConstructorResolver.instantiateUsingFactoryMethod(ConstructorResolver.java:541) ~[spring-beans-5.3.29.jar:5.3.29]
	at org.springframework.beans.factory.support.AbstractAutowireCapableBeanFactory.instantiateUsingFactoryMethod(AbstractAutowireCapableBeanFactory.java:1352) ~[spring-beans-5.3.29.jar:5.3.29]
	at org.springframework.beans.factory.support.AbstractAutowireCapableBeanFactory.createBeanInstance(AbstractAutowireCapableBeanFactory.java:1195) ~[spring-beans-5.3.29.jar:5.3.29]
	at org.springframework.beans.factory.support.AbstractAutowireCapableBeanFactory.doCreateBean(AbstractAutowireCapableBeanFactory.java:582) ~[spring-beans-5.3.29.jar:5.3.29]
	at org.springframework.beans.factory.support.AbstractAutowireCapableBeanFactory.createBean(AbstractAutowireCapableBeanFactory.java:542) ~[spring-beans-5.3.29.jar:5.3.29]
	at org.springframework.beans.factory.support.AbstractBeanFactory.lambda$doGetBean$0(AbstractBeanFactory.java:335) ~[spring-beans-5.3.29.jar:5.3.29]
	at org.springframework.beans.factory.support.DefaultSingletonBeanRegistry.getSingleton(DefaultSingletonBeanRegistry.java:234) ~[spring-beans-5.3.29.jar:5.3.29]
	at org.springframework.beans.factory.support.AbstractBeanFactory.doGetBean(AbstractBeanFactory.java:333) ~[spring-beans-5.3.29.jar:5.3.29]
	at org.springframework.beans.factory.support.AbstractBeanFactory.getBean(AbstractBeanFactory.java:208) ~[spring-beans-5.3.29.jar:5.3.29]
	at org.springframework.beans.factory.support.AbstractBeanFactory.doGetBean(AbstractBeanFactory.java:322) ~[spring-beans-5.3.29.jar:5.3.29]
	at org.springframework.beans.factory.support.AbstractBeanFactory.getBean(AbstractBeanFactory.java:208) ~[spring-beans-5.3.29.jar:5.3.29]
	at org.springframework.context.support.AbstractApplicationContext.getBean(AbstractApplicationContext.java:1157) ~[spring-context-5.3.29.jar:5.3.29]
	at org.springframework.context.support.AbstractApplicationContext.finishBeanFactoryInitialization(AbstractApplicationContext.java:911) ~[spring-context-5.3.29.jar:5.3.29]
	at org.springframework.context.support.AbstractApplicationContext.refresh(AbstractApplicationContext.java:583) ~[spring-context-5.3.29.jar:5.3.29]
	at org.springframework.boot.SpringApplication.refresh(SpringApplication.java:731) ~[spring-boot-2.7.15.jar:2.7.15]
	at org.springframework.boot.SpringApplication.refreshContext(SpringApplication.java:408) ~[spring-boot-2.7.15.jar:2.7.15]
	at org.springframework.boot.SpringApplication.run(SpringApplication.java:307) ~[spring-boot-2.7.15.jar:2.7.15]
	at org.springframework.boot.test.context.SpringBootContextLoader.loadContext(SpringBootContextLoader.java:136) ~[spring-boot-test-2.7.15.jar:2.7.15]
	at org.springframework.test.context.cache.DefaultCacheAwareContextLoaderDelegate.loadContextInternal(DefaultCacheAwareContextLoaderDelegate.java:141) ~[spring-test-5.3.29.jar:5.3.29]
	at org.springframework.test.context.cache.DefaultCacheAwareContextLoaderDelegate.loadContext(DefaultCacheAwareContextLoaderDelegate.java:90) ~[spring-test-5.3.29.jar:5.3.29]
	... 67 common frames omitted
Caused by: org.springframework.beans.factory.BeanCreationException: Error creating bean with name 'dataSource' defined in class path resource [org/springframework/boot/autoconfigure/jdbc/DataSourceConfiguration$Hikari.class]: Bean instantiation via factory method failed; nested exception is org.springframework.beans.BeanInstantiationException: Failed to instantiate [com.zaxxer.hikari.HikariDataSource]: Factory method 'dataSource' threw exception; nested exception is org.springframework.boot.autoconfigure.jdbc.DataSourceProperties$DataSourceBeanCreationException: Failed to determine a suitable driver class
	at org.springframework.beans.factory.support.ConstructorResolver.instantiate(ConstructorResolver.java:658) ~[spring-beans-5.3.29.jar:5.3.29]
	at org.springframework.beans.factory.support.ConstructorResolver.instantiateUsingFactoryMethod(ConstructorResolver.java:638) ~[spring-beans-5.3.29.jar:5.3.29]
	at org.springframework.beans.factory.support.AbstractAutowireCapableBeanFactory.instantiateUsingFactoryMethod(AbstractAutowireCapableBeanFactory.java:1352) ~[spring-beans-5.3.29.jar:5.3.29]
	at org.springframework.beans.factory.support.AbstractAutowireCapableBeanFactory.createBeanInstance(AbstractAutowireCapableBeanFactory.java:1195) ~[spring-beans-5.3.29.jar:5.3.29]
	at org.springframework.beans.factory.support.AbstractAutowireCapableBeanFactory.doCreateBean(AbstractAutowireCapableBeanFactory.java:582) ~[spring-beans-5.3.29.jar:5.3.29]
	at org.springframework.beans.factory.support.AbstractAutowireCapableBeanFactory.createBean(AbstractAutowireCapableBeanFactory.java:542) ~[spring-beans-5.3.29.jar:5.3.29]
	at org.springframework.beans.factory.support.AbstractBeanFactory.lambda$doGetBean$0(AbstractBeanFactory.java:335) ~[spring-beans-5.3.29.jar:5.3.29]
	at org.springframework.beans.factory.support.DefaultSingletonBeanRegistry.getSingleton(DefaultSingletonBeanRegistry.java:234) ~[spring-beans-5.3.29.jar:5.3.29]
	at org.springframework.beans.factory.support.AbstractBeanFactory.doGetBean(AbstractBeanFactory.java:333) ~[spring-beans-5.3.29.jar:5.3.29]
	at org.springframework.beans.factory.support.AbstractBeanFactory.getBean(AbstractBeanFactory.java:208) ~[spring-beans-5.3.29.jar:5.3.29]
	at org.springframework.beans.factory.config.DependencyDescriptor.resolveCandidate(DependencyDescriptor.java:276) ~[spring-beans-5.3.29.jar:5.3.29]
	at org.springframework.beans.factory.support.DefaultListableBeanFactory.doResolveDependency(DefaultListableBeanFactory.java:1391) ~[spring-beans-5.3.29.jar:5.3.29]
	at org.springframework.beans.factory.support.DefaultListableBeanFactory.resolveDependency(DefaultListableBeanFactory.java:1311) ~[spring-beans-5.3.29.jar:5.3.29]
	at org.springframework.beans.factory.support.ConstructorResolver.resolveAutowiredArgument(ConstructorResolver.java:887) ~[spring-beans-5.3.29.jar:5.3.29]
	at org.springframework.beans.factory.support.ConstructorResolver.createArgumentArray(ConstructorResolver.java:791) ~[spring-beans-5.3.29.jar:5.3.29]
	... 87 common frames omitted
Caused by: org.springframework.beans.BeanInstantiationException: Failed to instantiate [com.zaxxer.hikari.HikariDataSource]: Factory method 'dataSource' threw exception; nested exception is org.springframework.boot.autoconfigure.jdbc.DataSourceProperties$DataSourceBeanCreationException: Failed to determine a suitable driver class
	at org.springframework.beans.factory.support.SimpleInstantiationStrategy.instantiate(SimpleInstantiationStrategy.java:185) ~[spring-beans-5.3.29.jar:5.3.29]
	at org.springframework.beans.factory.support.ConstructorResolver.instantiate(ConstructorResolver.java:653) ~[spring-beans-5.3.29.jar:5.3.29]
	... 101 common frames omitted
Caused by: org.springframework.boot.autoconfigure.jdbc.DataSourceProperties$DataSourceBeanCreationException: Failed to determine a suitable driver class
	at org.springframework.boot.autoconfigure.jdbc.DataSourceProperties.determineDriverClassName(DataSourceProperties.java:186) ~[spring-boot-autoconfigure-2.7.15.jar:2.7.15]
	at org.springframework.boot.autoconfigure.jdbc.DataSourceProperties.initializeDataSourceBuilder(DataSourceProperties.java:125) ~[spring-boot-autoconfigure-2.7.15.jar:2.7.15]
	at org.springframework.boot.autoconfigure.jdbc.DataSourceConfiguration.createDataSource(DataSourceConfiguration.java:48) ~[spring-boot-autoconfigure-2.7.15.jar:2.7.15]
	at org.springframework.boot.autoconfigure.jdbc.DataSourceConfiguration$Hikari.dataSource(DataSourceConfiguration.java:90) ~[spring-boot-autoconfigure-2.7.15.jar:2.7.15]
	at java.base/jdk.internal.reflect.DirectMethodHandleAccessor.invoke(DirectMethodHandleAccessor.java:103) ~[na:na]
	at java.base/java.lang.reflect.Method.invoke(Method.java:580) ~[na:na]
	at org.springframework.beans.factory.support.SimpleInstantiationStrategy.instantiate(SimpleInstantiationStrategy.java:154) ~[spring-beans-5.3.29.jar:5.3.29]
	... 102 common frames omitted

]]></system-out>
  </testcase>
</testsuite>